-------------------------------------------------------------------------------
Test set: com.devsuperior.hrworker.HrWorkerApplicationTests
-------------------------------------------------------------------------------
Tests run: 1, Failures: 0, Errors: 1, Skipped: 0, Time elapsed: 2.178 s <<< FAILURE! - in com.devsuperior.hrworker.HrWorkerApplicationTests
contextLoads  Time elapsed: 0.001 s  <<< ERROR!
java.lang.IllegalStateException: Failed to load ApplicationContext
Caused by: org.springframework.beans.factory.BeanCreationException: 
Error creating bean with name 'dataSourceScriptDatabaseInitializer' defined in class path resource [org/springframework/boot/autoconfigure/sql/init/DataSourceInitializationConfiguration.class]: Invocation of init method failed; nested exception is org.springframework.jdbc.datasource.init.ScriptStatementFailedException: Failed to execute SQL script statement #1 of URL [file:/C:/dev-pessoal/workspaces/spring-cloud/hr-worker/target/classes/data.sql]: INSERT INTO tb_worker (name, daily_Income) VALUES ('Bob', 200.0); nested exception is org.h2.jdbc.JdbcSQLSyntaxErrorException: Table "TB_WORKER" not found; SQL statement:
INSERT INTO tb_worker (name, daily_Income) VALUES ('Bob', 200.0) [42102-200]
Caused by: org.springframework.jdbc.datasource.init.ScriptStatementFailedException: 
Failed to execute SQL script statement #1 of URL [file:/C:/dev-pessoal/workspaces/spring-cloud/hr-worker/target/classes/data.sql]: INSERT INTO tb_worker (name, daily_Income) VALUES ('Bob', 200.0); nested exception is org.h2.jdbc.JdbcSQLSyntaxErrorException: Table "TB_WORKER" not found; SQL statement:
INSERT INTO tb_worker (name, daily_Income) VALUES ('Bob', 200.0) [42102-200]
Caused by: org.h2.jdbc.JdbcSQLSyntaxErrorException: 
Table "TB_WORKER" not found; SQL statement:
INSERT INTO tb_worker (name, daily_Income) VALUES ('Bob', 200.0) [42102-200]

